2021-12-15 19:27:22,771 - login - ERROR - user reza enter 3 time wrong password and acount block
2021-12-15 21:32:17,247 - login - ERROR - admin by username ava enter 3 time wrong password and account block
2021-12-15 21:33:34,578 - login - ERROR - user by username marjan enter 3 time wrong password and account block
2021-12-15 21:53:03,138 - login - WARNING - admin by name marjan darban registered now
2021-12-15 22:04:52,485 - login - WARNING - admin by name avaa ssoghyani registered now
2021-12-16 00:00:23,470 - login - ERROR - user by name reza ettehadi registered now
NoneType: None
2021-12-16 01:59:11,403 - login - INFO - user by name avaaa registered now
NoneType: None
2021-12-18 11:27:04,550 - login - INFO - reza registered now
NoneType: None
2021-12-18 11:47:47,948 - login - INFO - ava registered now az admin
NoneType: None
2021-12-18 11:49:04,252 - login - INFO - reza registered now az normal user
NoneType: None
2021-12-18 21:25:41,464 - login - INFO - marjan registered now az normal user
NoneType: None
2021-12-18 21:27:36,446 - login - INFO - marjan registered now az normal user
NoneType: None
2021-12-18 21:30:10,787 - login - INFO - marjan registered now az normal user
NoneType: None
2021-12-18 21:30:39,340 - login - ERROR - admin by username marjan enter 3 time wrong password and account block
2021-12-18 21:55:54,107 - login - INFO - ava registered now az admin
NoneType: None
2021-12-18 21:56:27,294 - login - INFO - marjan12345 registered now az admin
NoneType: None
2021-12-18 22:01:07,954 - login - INFO - ava registered now az admin
NoneType: None
2021-12-18 22:01:27,087 - login - INFO - marjan registered now az admin
NoneType: None
2021-12-18 22:01:45,463 - login - INFO - reza registered now az normal user
NoneType: None
2021-12-18 22:02:05,583 - login - INFO - delara registered now az normal user
NoneType: None
2021-12-18 22:11:36,818 - login - INFO - ava registered now az admin
NoneType: None
2021-12-18 22:12:24,298 - login - INFO - marjan registered now az admin
NoneType: None
2021-12-19 11:21:16,407 - login - INFO - 2 ticket buy
NoneType: None
